<?xml version="1.0" encoding="UTF-8"?>
<testsuite xmlns:xsi="http://www.w3.org/2001/XMLSchema-instance" xsi:noNamespaceSchemaLocation="https://maven.apache.org/surefire/maven-surefire-plugin/xsd/surefire-test-report.xsd" name="org.example.AppTest" time="0.042" tests="5" errors="0" skipped="0" failures="0">
  <properties>
[...]
</properties>
  <testcase name="isLeapYearsYearDivisibleBy400ShouldReturnTrue" classname="org.example.AppTest" time="0.002"/>
  <testcase name="shouldAnswerWithTrue" classname="org.example.AppTest" time="0"/>
  <testcase name="isLeapYearsYearDivisibleBy4ButNotBy100ShouldReturnTrue" classname="org.example.AppTest" time="0"/>
  <testcase name="isLeapYearsYearNotDivisibleBy4ShouldReturnFalse" classname="org.example.AppTest" time="0"/>
  <testcase name="isLeapYearsYearDivisibleBy100ButNotBy400ShouldReturnFalse" classname="org.example.AppTest" time="0"/>
</testsuite>